<?xml version="1.0" encoding="utf-8"?><testsuites name="pytest tests"><testsuite name="pytest" errors="0" failures="0" skipped="0" tests="37" time="14.037" timestamp="2026-06-25T12:46:38.381188+00:00" hostname="agent-env-1a77cddc-3bc0-4afa-8d8d-b90334e892f9"><testcase classname="backend.tests.backend_test.TestHealth" name="test_root_ok" time="0.233" /><testcase classname="backend.tests.backend_test.TestAuth" name="test_admin_login" time="0.355" /><testcase classname="backend.tests.backend_test.TestAuth" name="test_employee_login" time="0.330" /><testcase classname="backend.tests.backend_test.TestAuth" name="test_customer_login" time="0.357" /><testcase classname="backend.tests.backend_test.TestAuth" name="test_bad_login" time="0.380" /><testcase classname="backend.tests.backend_test.TestAuth" name="test_me_with_bearer" time="0.445" /><testcase classname="backend.tests.backend_test.TestAuth" name="test_me_no_token" time="0.096" /><testcase classname="backend.tests.backend_test.TestAuth" name="test_customer_self_register" time="0.321" /><testcase classname="backend.tests.backend_test.TestQuote" name="test_quote" time="0.142" /><testcase classname="backend.tests.backend_test.TestShipments" name="test_customer_creates_shipment" time="1.555" /><testcase classname="backend.tests.backend_test.TestShipments" name="test_customer_can_list_only_own" time="0.099" /><testcase classname="backend.tests.backend_test.TestShipments" name="test_get_shipment_by_id" time="0.095" /><testcase classname="backend.tests.backend_test.TestShipments" name="test_public_track" time="0.101" /><testcase classname="backend.tests.backend_test.TestShipments" name="test_customer_cannot_accept" time="0.091" /><testcase classname="backend.tests.backend_test.TestShipments" name="test_employee_sees_queue" time="0.091" /><testcase classname="backend.tests.backend_test.TestShipments" name="test_employee_accepts" time="0.303" /><testcase classname="backend.tests.backend_test.TestShipments" name="test_employee_fills_waybill" time="0.266" /><testcase classname="backend.tests.backend_test.TestShipments" name="test_employee_updates_status" time="1.068" /><testcase classname="backend.tests.backend_test.TestShipments" name="test_employee_cannot_delete" time="0.097" /><testcase classname="backend.tests.backend_test.TestShipments" name="test_customer_cannot_see_others" time="0.471" /><testcase classname="backend.tests.backend_test.TestAdmin" name="test_analytics_overview" time="0.109" /><testcase classname="backend.tests.backend_test.TestAdmin" name="test_customer_cannot_hit_analytics" time="0.105" /><testcase classname="backend.tests.backend_test.TestAdmin" name="test_admin_list_users" time="0.098" /><testcase classname="backend.tests.backend_test.TestAdmin" name="test_customer_cannot_list_users" time="0.096" /><testcase classname="backend.tests.backend_test.TestAdmin" name="test_admin_create_and_delete_staff" time="0.534" /><testcase classname="backend.tests.backend_test.TestAdmin" name="test_admin_patch_shipment" time="0.100" /><testcase classname="backend.tests.backend_test.TestAdmin" name="test_admin_delete_shipment" time="0.472" /><testcase classname="backend.tests.backend_test.TestPublicTracking" name="test_public_track_no_auth" time="0.358" /><testcase classname="backend.tests.backend_test.TestPublicTracking" name="test_public_track_case_insensitive" time="0.344" /><testcase classname="backend.tests.backend_test.TestPublicTracking" name="test_public_track_invalid_awb" time="0.112" /><testcase classname="backend.tests.backend_test.TestPublicTracking" name="test_route_order_track_before_id" time="0.421" /><testcase classname="backend.tests.backend_test.TestPOD" name="test_delivered_with_pod_persists" time="1.174" /><testcase classname="backend.tests.backend_test.TestPayInvoice" name="test_customer_pays_own" time="0.475" /><testcase classname="backend.tests.backend_test.TestPayInvoice" name="test_double_pay_blocked" time="0.484" /><testcase classname="backend.tests.backend_test.TestPayInvoice" name="test_other_customer_cannot_pay" time="0.687" /><testcase classname="backend.tests.backend_test.TestPayInvoice" name="test_admin_can_pay_any" time="0.365" /><testcase classname="backend.tests.backend_test.TestEmailNonBlocking" name="test_status_change_returns_fast_even_if_email_fails" time="1.088" /></testsuite></testsuites>