<?xml version="1.0" encoding="utf-8"?><testsuites name="pytest tests"><testsuite name="pytest" errors="0" failures="1" skipped="0" tests="27" time="7.081" timestamp="2026-06-25T12:20:54.010636+00:00" hostname="agent-env-1a77cddc-3bc0-4afa-8d8d-b90334e892f9"><testcase classname="backend.tests.backend_test.TestHealth" name="test_root_ok" time="0.197" /><testcase classname="backend.tests.backend_test.TestAuth" name="test_admin_login" time="0.324" /><testcase classname="backend.tests.backend_test.TestAuth" name="test_employee_login" time="0.354" /><testcase classname="backend.tests.backend_test.TestAuth" name="test_customer_login" time="0.327" /><testcase classname="backend.tests.backend_test.TestAuth" name="test_bad_login" time="0.336" /><testcase classname="backend.tests.backend_test.TestAuth" name="test_me_with_bearer" time="0.453" /><testcase classname="backend.tests.backend_test.TestAuth" name="test_me_no_token" time="0.140" /><testcase classname="backend.tests.backend_test.TestAuth" name="test_customer_self_register" time="0.330"><failure message="AssertionError: assert 'test_signup_...5@example.com' == 'TEST_signup_...5@example.com'&#10;  &#10;  - TEST_signup_3342a025@example.com&#10;  ? ^^^^&#10;  + test_signup_3342a025@example.com&#10;  ? ^^^^">backend/tests/backend_test.py:73: in test_customer_self_register
    assert data["user"]["email"] == email
E   AssertionError: assert 'test_signup_...5@example.com' == 'TEST_signup_...5@example.com'
E     
E     - TEST_signup_3342a025@example.com
E     ? ^^^^
E     + test_signup_3342a025@example.com
E     ? ^^^^</failure></testcase><testcase classname="backend.tests.backend_test.TestQuote" name="test_quote" time="0.112" /><testcase classname="backend.tests.backend_test.TestShipments" name="test_customer_creates_shipment" time="1.142" /><testcase classname="backend.tests.backend_test.TestShipments" name="test_customer_can_list_only_own" time="0.105" /><testcase classname="backend.tests.backend_test.TestShipments" name="test_get_shipment_by_id" time="0.102" /><testcase classname="backend.tests.backend_test.TestShipments" name="test_public_track" time="0.097" /><testcase classname="backend.tests.backend_test.TestShipments" name="test_customer_cannot_accept" time="0.102" /><testcase classname="backend.tests.backend_test.TestShipments" name="test_employee_sees_queue" time="0.144" /><testcase classname="backend.tests.backend_test.TestShipments" name="test_employee_accepts" time="0.143" /><testcase classname="backend.tests.backend_test.TestShipments" name="test_employee_fills_waybill" time="0.114" /><testcase classname="backend.tests.backend_test.TestShipments" name="test_employee_updates_status" time="0.404" /><testcase classname="backend.tests.backend_test.TestShipments" name="test_employee_cannot_delete" time="0.103" /><testcase classname="backend.tests.backend_test.TestShipments" name="test_customer_cannot_see_others" time="0.480" /><testcase classname="backend.tests.backend_test.TestAdmin" name="test_analytics_overview" time="0.119" /><testcase classname="backend.tests.backend_test.TestAdmin" name="test_customer_cannot_hit_analytics" time="0.099" /><testcase classname="backend.tests.backend_test.TestAdmin" name="test_admin_list_users" time="0.103" /><testcase classname="backend.tests.backend_test.TestAdmin" name="test_customer_cannot_list_users" time="0.152" /><testcase classname="backend.tests.backend_test.TestAdmin" name="test_admin_create_and_delete_staff" time="0.527" /><testcase classname="backend.tests.backend_test.TestAdmin" name="test_admin_patch_shipment" time="0.095" /><testcase classname="backend.tests.backend_test.TestAdmin" name="test_admin_delete_shipment" time="0.320" /></testsuite></testsuites>